0 info it worked if it ends with ok
1 verbose cli [ 'D:\\Program Files\\nodejs\\node.exe',
1 verbose cli   'D:\\Program Files\\nodejs\\node_modules\\npm\\bin\\npm-cli.js',
1 verbose cli   'install',
1 verbose cli   'jshint',
1 verbose cli   '-save' ]
2 info using npm@3.10.8
3 info using node@v6.9.1
4 silly loadCurrentTree Starting
5 silly install loadCurrentTree
6 silly install readLocalPackageData
7 silly fetchPackageMetaData jshint
8 silly fetchNamedPackageData jshint
9 silly mapToRegistry name jshint
10 silly mapToRegistry using default registry
11 silly mapToRegistry registry https://registry.npmjs.org/
12 silly mapToRegistry data Result {
12 silly mapToRegistry   raw: 'jshint',
12 silly mapToRegistry   scope: null,
12 silly mapToRegistry   escapedName: 'jshint',
12 silly mapToRegistry   name: 'jshint',
12 silly mapToRegistry   rawSpec: '',
12 silly mapToRegistry   spec: 'latest',
12 silly mapToRegistry   type: 'tag' }
13 silly mapToRegistry uri https://registry.npmjs.org/jshint
14 verbose request uri https://registry.npmjs.org/jshint
15 verbose request no auth needed
16 info attempt registry request try #1 at 23:56:36
17 verbose request id ec4555aa87174583
18 http request GET https://registry.npmjs.org/jshint
19 http 200 https://registry.npmjs.org/jshint
20 verbose headers { server: 'nginx/1.10.1',
20 verbose headers   'content-type': 'application/json',
20 verbose headers   'last-modified': 'Sat, 03 Dec 2016 22:38:35 GMT',
20 verbose headers   etag: 'W/"5843496b-1d6a0"',
20 verbose headers   'content-encoding': 'gzip',
20 verbose headers   'cache-control': 'max-age=300',
20 verbose headers   'content-length': '12295',
20 verbose headers   'accept-ranges': 'bytes',
20 verbose headers   date: 'Tue, 06 Dec 2016 15:56:38 GMT',
20 verbose headers   via: '1.1 varnish',
20 verbose headers   age: '266',
20 verbose headers   connection: 'keep-alive',
20 verbose headers   'x-served-by': 'cache-ams4145-AMS',
20 verbose headers   'x-cache': 'HIT',
20 verbose headers   'x-cache-hits': '2',
20 verbose headers   'x-timer': 'S1481039798.312952,VS0,VE0',
20 verbose headers   vary: 'Accept-Encoding' }
21 silly get cb [ 200,
21 silly get   { server: 'nginx/1.10.1',
21 silly get     'content-type': 'application/json',
21 silly get     'last-modified': 'Sat, 03 Dec 2016 22:38:35 GMT',
21 silly get     etag: 'W/"5843496b-1d6a0"',
21 silly get     'content-encoding': 'gzip',
21 silly get     'cache-control': 'max-age=300',
21 silly get     'content-length': '12295',
21 silly get     'accept-ranges': 'bytes',
21 silly get     date: 'Tue, 06 Dec 2016 15:56:38 GMT',
21 silly get     via: '1.1 varnish',
21 silly get     age: '266',
21 silly get     connection: 'keep-alive',
21 silly get     'x-served-by': 'cache-ams4145-AMS',
21 silly get     'x-cache': 'HIT',
21 silly get     'x-cache-hits': '2',
21 silly get     'x-timer': 'S1481039798.312952,VS0,VE0',
21 silly get     vary: 'Accept-Encoding' } ]
22 verbose get saving jshint to C:\Users\eechon\AppData\Roaming\npm-cache\registry.npmjs.org\jshint\.cache.json
23 verbose correctMkdir C:\Users\eechon\AppData\Roaming\npm-cache correctMkdir not in flight; initializing
24 silly install normalizeTree
25 silly loadCurrentTree Finishing
26 silly loadIdealTree Starting
27 silly install loadIdealTree
28 silly cloneCurrentTree Starting
29 silly install cloneCurrentTreeToIdealTree
30 silly cloneCurrentTree Finishing
31 silly loadShrinkwrap Starting
32 silly install loadShrinkwrap
33 silly loadShrinkwrap Finishing
34 silly loadAllDepsIntoIdealTree Starting
35 silly install loadAllDepsIntoIdealTree
36 silly resolveWithNewModule jshint@2.9.4 checking installable status
37 silly cache add args [ 'jshint', null ]
38 verbose cache add spec jshint
39 silly cache add parsed spec Result {
39 silly cache add   raw: 'jshint',
39 silly cache add   scope: null,
39 silly cache add   escapedName: 'jshint',
39 silly cache add   name: 'jshint',
39 silly cache add   rawSpec: '',
39 silly cache add   spec: 'latest',
39 silly cache add   type: 'tag' }
40 silly addNamed jshint@latest
41 verbose addNamed "latest" is being treated as a dist-tag for jshint
42 info addNameTag [ 'jshint', 'latest' ]
43 silly mapToRegistry name jshint
44 silly mapToRegistry using default registry
45 silly mapToRegistry registry https://registry.npmjs.org/
46 silly mapToRegistry data Result {
46 silly mapToRegistry   raw: 'jshint',
46 silly mapToRegistry   scope: null,
46 silly mapToRegistry   escapedName: 'jshint',
46 silly mapToRegistry   name: 'jshint',
46 silly mapToRegistry   rawSpec: '',
46 silly mapToRegistry   spec: 'latest',
46 silly mapToRegistry   type: 'tag' }
47 silly mapToRegistry uri https://registry.npmjs.org/jshint
48 verbose addNameTag registry:https://registry.npmjs.org/jshint not in flight; fetching
49 verbose get https://registry.npmjs.org/jshint not expired, no request
50 silly addNameTag next cb for jshint with tag latest
51 silly addNamed jshint@2.9.4
52 verbose addNamed "2.9.4" is a plain semver version for jshint
53 silly mapToRegistry name jshint
54 silly mapToRegistry using default registry
55 silly mapToRegistry registry https://registry.npmjs.org/
56 silly mapToRegistry data Result {
56 silly mapToRegistry   raw: 'jshint',
56 silly mapToRegistry   scope: null,
56 silly mapToRegistry   escapedName: 'jshint',
56 silly mapToRegistry   name: 'jshint',
56 silly mapToRegistry   rawSpec: '',
56 silly mapToRegistry   spec: 'latest',
56 silly mapToRegistry   type: 'tag' }
57 silly mapToRegistry uri https://registry.npmjs.org/jshint
58 verbose addRemoteTarball https://registry.npmjs.org/jshint/-/jshint-2.9.4.tgz not in flight; adding
59 verbose addRemoteTarball [ 'https://registry.npmjs.org/jshint/-/jshint-2.9.4.tgz',
59 verbose addRemoteTarball   '5e3ba97848d5290273db514aee47fe24cf592934' ]
60 info retry fetch attempt 1 at 23:56:39
61 info attempt registry request try #1 at 23:56:39
62 http fetch GET https://registry.npmjs.org/jshint/-/jshint-2.9.4.tgz
63 http fetch 200 https://registry.npmjs.org/jshint/-/jshint-2.9.4.tgz
64 info retry will retry, error on last attempt: Error: read ECONNRESET
65 silly fetchAndShaCheck shasum 5e3ba97848d5290273db514aee47fe24cf592934
66 silly rollbackFailedOptional Starting
67 silly rollbackFailedOptional Finishing
68 silly runTopLevelLifecycles Finishing
69 silly install printInstalled
70 verbose stack Error: shasum check failed for C:\Users\eechon\AppData\Local\Temp\npm-17088-b857c982\registry.npmjs.org\jshint\-\jshint-2.9.4.tgz
70 verbose stack Expected: 5e3ba97848d5290273db514aee47fe24cf592934
70 verbose stack Actual:   6fc63e5e451b208ae54b898c08c8f49b8bc1c734
70 verbose stack From:     https://registry.npmjs.org/jshint/-/jshint-2.9.4.tgz
70 verbose stack     at D:\Program Files\nodejs\node_modules\npm\node_modules\sha\index.js:25:8
70 verbose stack     at ReadStream.<anonymous> (D:\Program Files\nodejs\node_modules\npm\node_modules\sha\index.js:72:7)
70 verbose stack     at emitNone (events.js:91:20)
70 verbose stack     at ReadStream.emit (events.js:185:7)
70 verbose stack     at endReadableNT (_stream_readable.js:974:12)
70 verbose stack     at _combinedTickCallback (internal/process/next_tick.js:74:11)
70 verbose stack     at process._tickCallback (internal/process/next_tick.js:98:9)
71 verbose cwd D:\Users\eechon\WebstormProjects\EatBao
72 error Windows_NT 6.3.9600
73 error argv "D:\\Program Files\\nodejs\\node.exe" "D:\\Program Files\\nodejs\\node_modules\\npm\\bin\\npm-cli.js" "install" "jshint" "-save"
74 error node v6.9.1
75 error npm  v3.10.8
76 error shasum check failed for C:\Users\eechon\AppData\Local\Temp\npm-17088-b857c982\registry.npmjs.org\jshint\-\jshint-2.9.4.tgz
76 error Expected: 5e3ba97848d5290273db514aee47fe24cf592934
76 error Actual:   6fc63e5e451b208ae54b898c08c8f49b8bc1c734
76 error From:     https://registry.npmjs.org/jshint/-/jshint-2.9.4.tgz
77 error If you need help, you may report this error at:
77 error     <https://github.com/npm/npm/issues>
78 verbose exit [ 1, true ]
